<?xml version="1.0" encoding="UTF-8"?>
<!-- Generated by org.testng.reporters.JUnitXMLReporter -->
<testsuite ignored="4" hostname="MAHFUJ-1B5SPLO" failures="0" tests="2" name="Test" time="52.099" errors="0" timestamp="2020-09-13T18:35:00 EDT">
  <testcase classname="base.Config" name="@BeforeMethod beforeEachTestMethod" time="38.991">
    <failure type="org.openqa.selenium.WebDriverException" message="chrome not reachable
  (Session info: chrome=85.0.4183.102)
Build info: version: &amp;apos;3.141.59&amp;apos;, revision: &amp;apos;e82be7d358&amp;apos;, time: &amp;apos;2018-11-14T08:25:48&amp;apos;
System info: host: &amp;apos;MAHFUJ-1B5SPLO&amp;apos;, ip: &amp;apos;10.0.0.4&amp;apos;, os.name: &amp;apos;Windows 10&amp;apos;, os.arch: &amp;apos;amd64&amp;apos;, os.version: &amp;apos;10.0&amp;apos;, java.version: &amp;apos;13.0.2&amp;apos;
Driver info: org.openqa.selenium.chrome.ChromeDriver
Capabilities {acceptInsecureCerts: false, browserName: chrome, browserVersion: 85.0.4183.102, chrome: {chromedriverVersion: 85.0.4183.87 (cd6713ebf92fa..., userDataDir: C:\Users\MAHFUJ~1\AppData\L...}, goog:chromeOptions: {debuggerAddress: localhost:51424}, javascriptEnabled: true, networkConnectionEnabled: false, pageLoadStrategy: normal, platform: WINDOWS, platformName: WINDOWS, proxy: Proxy(), setWindowRect: true, strictFileInteractability: false, timeouts: {implicit: 0, pageLoad: 300000, script: 30000}, unhandledPromptBehavior: dismiss and notify, webauthn:virtualAuthenticators: true}
Session ID: 4bf9c51ed368c3c5bd55f63639ad38eb">
      <![CDATA[org.openqa.selenium.WebDriverException: chrome not reachable
  (Session info: chrome=85.0.4183.102)
Build info: version: '3.141.59', revision: 'e82be7d358', time: '2018-11-14T08:25:48'
System info: host: 'MAHFUJ-1B5SPLO', ip: '10.0.0.4', os.name: 'Windows 10', os.arch: 'amd64', os.version: '10.0', java.version: '13.0.2'
Driver info: org.openqa.selenium.chrome.ChromeDriver
Capabilities {acceptInsecureCerts: false, browserName: chrome, browserVersion: 85.0.4183.102, chrome: {chromedriverVersion: 85.0.4183.87 (cd6713ebf92fa..., userDataDir: C:\Users\MAHFUJ~1\AppData\L...}, goog:chromeOptions: {debuggerAddress: localhost:51424}, javascriptEnabled: true, networkConnectionEnabled: false, pageLoadStrategy: normal, platform: WINDOWS, platformName: WINDOWS, proxy: Proxy(), setWindowRect: true, strictFileInteractability: false, timeouts: {implicit: 0, pageLoad: 300000, script: 30000}, unhandledPromptBehavior: dismiss and notify, webauthn:virtualAuthenticators: true}
Session ID: 4bf9c51ed368c3c5bd55f63639ad38eb
at org.openqa.selenium.remote.http.W3CHttpResponseCodec.createException(W3CHttpResponseCodec.java:187)
at org.openqa.selenium.remote.http.W3CHttpResponseCodec.decode(W3CHttpResponseCodec.java:122)
at org.openqa.selenium.remote.http.W3CHttpResponseCodec.decode(W3CHttpResponseCodec.java:49)
at org.openqa.selenium.remote.HttpCommandExecutor.execute(HttpCommandExecutor.java:158)
at org.openqa.selenium.remote.service.DriverCommandExecutor.execute(DriverCommandExecutor.java:83)
at org.openqa.selenium.remote.RemoteWebDriver.execute(RemoteWebDriver.java:552)
at org.openqa.selenium.remote.RemoteWebDriver.execute(RemoteWebDriver.java:609)
at org.openqa.selenium.remote.RemoteWebDriver$RemoteWebDriverOptions.deleteAllCookies(RemoteWebDriver.java:694)
at base.Config.beforeEachTestMethod(Config.java:28)
at java.base/java.util.ArrayList.forEach(ArrayList.java:1507)
... Removed 36 stack frames]]>
    </failure>
  </testcase> <!-- @BeforeMethod beforeEachTestMethod -->
  <testcase classname="base.Config" name="@AfterMethod afterEachTestMethod" time="-1.600036487141E9">
    <skipped/>
  </testcase> <!-- @AfterMethod afterEachTestMethod -->
  <testcase classname="base.Config" name="@BeforeMethod beforeEachTestMethod" time="13.046">
    <failure type="org.openqa.selenium.SessionNotCreatedException" message="session not created
from chrome not reachable
  (Session info: chrome=85.0.4183.102)
Build info: version: &amp;apos;3.141.59&amp;apos;, revision: &amp;apos;e82be7d358&amp;apos;, time: &amp;apos;2018-11-14T08:25:48&amp;apos;
System info: host: &amp;apos;MAHFUJ-1B5SPLO&amp;apos;, ip: &amp;apos;10.0.0.4&amp;apos;, os.name: &amp;apos;Windows 10&amp;apos;, os.arch: &amp;apos;amd64&amp;apos;, os.version: &amp;apos;10.0&amp;apos;, java.version: &amp;apos;13.0.2&amp;apos;
Driver info: driver.version: ChromeDriver
remote stacktrace: Backtrace:
	Ordinal0 [0x0071D383+3134339]
	Ordinal0 [0x0060A171+2007409]
	Ordinal0 [0x004AAD90+568720]
	Ordinal0 [0x004A1364+529252]
	Ordinal0 [0x004A19FC+530940]
	Ordinal0 [0x004A2C15+535573]
	Ordinal0 [0x0049DFC5+516037]
	Ordinal0 [0x004ABF70+573296]
	Ordinal0 [0x00451916+203030]
	Ordinal0 [0x00450C1D+199709]
	Ordinal0 [0x0044EB0B+191243]
	Ordinal0 [0x00432E77+77431]
	Ordinal0 [0x00433E3E+81470]
	Ordinal0 [0x00433DC9+81353]
	Ordinal0 [0x00620CD9+2100441]
	GetHandleVerifier [0x0088B75A+1396954]
	GetHandleVerifier [0x0088B3D9+1396057]
	GetHandleVerifier [0x00897126+1444518]
	GetHandleVerifier [0x0088BCE8+1398376]
	Ordinal0 [0x00617F51+2064209]
	Ordinal0 [0x006222EB+2106091]
	Ordinal0 [0x00622411+2106385]
	Ordinal0 [0x006349C4+2181572]
	BaseThreadInitThunk [0x77516359+25]
	RtlGetAppContainerNamedObjectPath [0x77B87C24+228]
	RtlGetAppContainerNamedObjectPath [0x77B87BF4+180]
">
      <![CDATA[org.openqa.selenium.SessionNotCreatedException: session not created
from chrome not reachable
  (Session info: chrome=85.0.4183.102)
Build info: version: '3.141.59', revision: 'e82be7d358', time: '2018-11-14T08:25:48'
System info: host: 'MAHFUJ-1B5SPLO', ip: '10.0.0.4', os.name: 'Windows 10', os.arch: 'amd64', os.version: '10.0', java.version: '13.0.2'
Driver info: driver.version: ChromeDriver
remote stacktrace: Backtrace:
Ordinal0 [0x0071D383+3134339]
Ordinal0 [0x0060A171+2007409]
Ordinal0 [0x004AAD90+568720]
Ordinal0 [0x004A1364+529252]
Ordinal0 [0x004A19FC+530940]
Ordinal0 [0x004A2C15+535573]
Ordinal0 [0x0049DFC5+516037]
Ordinal0 [0x004ABF70+573296]
Ordinal0 [0x00451916+203030]
Ordinal0 [0x00450C1D+199709]
Ordinal0 [0x0044EB0B+191243]
Ordinal0 [0x00432E77+77431]
Ordinal0 [0x00433E3E+81470]
Ordinal0 [0x00433DC9+81353]
Ordinal0 [0x00620CD9+2100441]
GetHandleVerifier [0x0088B75A+1396954]
GetHandleVerifier [0x0088B3D9+1396057]
GetHandleVerifier [0x00897126+1444518]
GetHandleVerifier [0x0088BCE8+1398376]
Ordinal0 [0x00617F51+2064209]
Ordinal0 [0x006222EB+2106091]
Ordinal0 [0x00622411+2106385]
Ordinal0 [0x006349C4+2181572]
BaseThreadInitThunk [0x77516359+25]
RtlGetAppContainerNamedObjectPath [0x77B87C24+228]
RtlGetAppContainerNamedObjectPath [0x77B87BF4+180]

at org.openqa.selenium.remote.W3CHandshakeResponse.lambda$errorHandler$0(W3CHandshakeResponse.java:62)
at org.openqa.selenium.remote.HandshakeResponse.lambda$getResponseFunction$0(HandshakeResponse.java:30)
at org.openqa.selenium.remote.ProtocolHandshake.lambda$createSession$0(ProtocolHandshake.java:126)
at java.base/java.util.stream.ReferencePipeline$3$1.accept(ReferencePipeline.java:195)
at java.base/java.util.Spliterators$ArraySpliterator.tryAdvance(Spliterators.java:958)
at java.base/java.util.stream.ReferencePipeline.forEachWithCancel(ReferencePipeline.java:127)
at java.base/java.util.stream.AbstractPipeline.copyIntoWithCancel(AbstractPipeline.java:502)
at java.base/java.util.stream.AbstractPipeline.copyInto(AbstractPipeline.java:488)
at java.base/java.util.stream.AbstractPipeline.wrapAndCopyInto(AbstractPipeline.java:474)
at java.base/java.util.stream.FindOps$FindOp.evaluateSequential(FindOps.java:150)
at java.base/java.util.stream.AbstractPipeline.evaluate(AbstractPipeline.java:234)
at java.base/java.util.stream.ReferencePipeline.findFirst(ReferencePipeline.java:543)
at org.openqa.selenium.remote.ProtocolHandshake.createSession(ProtocolHandshake.java:128)
at org.openqa.selenium.remote.ProtocolHandshake.createSession(ProtocolHandshake.java:74)
at org.openqa.selenium.remote.HttpCommandExecutor.execute(HttpCommandExecutor.java:136)
at org.openqa.selenium.remote.service.DriverCommandExecutor.execute(DriverCommandExecutor.java:83)
at org.openqa.selenium.remote.RemoteWebDriver.execute(RemoteWebDriver.java:552)
at org.openqa.selenium.remote.RemoteWebDriver.startSession(RemoteWebDriver.java:213)
at org.openqa.selenium.remote.RemoteWebDriver.<init>(RemoteWebDriver.java:131)
at org.openqa.selenium.chrome.ChromeDriver.<init>(ChromeDriver.java:181)
at org.openqa.selenium.chrome.ChromeDriver.<init>(ChromeDriver.java:168)
at org.openqa.selenium.chrome.ChromeDriver.<init>(ChromeDriver.java:123)
at base.Config.beforeEachTestMethod(Config.java:26)
at java.base/java.util.ArrayList.forEach(ArrayList.java:1507)
... Removed 36 stack frames]]>
    </failure>
  </testcase> <!-- @BeforeMethod beforeEachTestMethod -->
  <testcase classname="base.Config" name="@AfterMethod afterEachTestMethod" time="-1.600036500198E9">
    <skipped/>
  </testcase> <!-- @AfterMethod afterEachTestMethod -->
  <testcase classname="testLogIn.LogInWithValidCredential" name="logInWithValidCredential" time="0.0">
    <skipped/>
  </testcase> <!-- logInWithValidCredential -->
  <testcase classname="testLogIn.TestSanitizedBuses" name="ListYourProperty" time="0.0">
    <skipped/>
  </testcase> <!-- ListYourProperty -->
  <testcase classname="base.Config" name="@AfterSuite tearDown" time="0.0">
    <ignored/>
  </testcase> <!-- @AfterSuite tearDown -->
  <testcase classname="base.Config" name="@AfterSuite tearDown" time="0.0">
    <ignored/>
  </testcase> <!-- @AfterSuite tearDown -->
  <testcase classname="base.Config" name="@BeforeSuite startTestSuite" time="0.0">
    <ignored/>
  </testcase> <!-- @BeforeSuite startTestSuite -->
  <testcase classname="base.Config" name="@BeforeSuite startTestSuite" time="0.0">
    <ignored/>
  </testcase> <!-- @BeforeSuite startTestSuite -->
</testsuite> <!-- Test -->
